C:\Users\Dales3D\Anaconda\lib\site-packages\numpy\oldnumeric\__init__.py:11: ModuleDeprecationWarning: The oldnumeric module will be dropped in Numpy 1.9
  warnings.warn(_msg, ModuleDeprecationWarning)

INIT START
Post Train: <app_classifier.serializers.VectorSerializer object at 0x000000000F0AE9E8>
Post Train: <app_classifier.serializers.VectorSerializer object at 0x000000000F13C550>
Post Train: <app_classifier.serializers.VectorSerializer object at 0x000000000F3AF9E8>
Post Train: <app_classifier.serializers.VectorSerializer object at 0x000000000F123B70>
Post Train: <app_classifier.serializers.VectorSerializer object at 0x000000000F38D390>
Post Train: <app_classifier.serializers.VectorSerializer object at 0x000000000F4CA9B0>
Post Train: <app_classifier.serializers.VectorSerializer object at 0x000000000F102898>
Post Train: <app_classifier.serializers.VectorSerializer object at 0x000000000F13C208>
Post Train: <app_classifier.serializers.VectorSerializer object at 0x000000000F1E2DD8>
Post Train: <app_classifier.serializers.VectorSerializer object at 0x000000000F4CF978>
Post Train: <app_classifier.serializers.VectorSerializer object at 0x0000000003731320>
Post Train: <app_classifier.serializers.VectorSerializer object at 0x000000000F0B7400>
Post Train: <app_classifier.serializers.VectorSerializer object at 0x000000000F4A9320>
Post Train: <app_classifier.serializers.VectorSerializer object at 0x000000000F4A9240>
Post Train: <app_classifier.serializers.VectorSerializer object at 0x000000000F106400>
Post Train: <app_classifier.serializers.VectorSerializer object at 0x00000000037312E8>
Post Train: <app_classifier.serializers.VectorSerializer object at 0x000000000384A1D0>
Post Train: <app_classifier.serializers.VectorSerializer object at 0x000000000F11D2B0>
Post Train: <app_classifier.serializers.VectorSerializer object at 0x000000000F1060F0>
Post Train: <app_classifier.serializers.VectorSerializer object at 0x000000000F3B2D30>
Post Train: <app_classifier.serializers.VectorSerializer object at 0x000000000F1B0438>
Post Train: <app_classifier.serializers.VectorSerializer object at 0x000000000384A080>
Post Train: <app_classifier.serializers.VectorSerializer object at 0x000000000F4CA358>
Post Train: <app_classifier.serializers.VectorSerializer object at 0x000000000F11A898>
Post Train: <app_classifier.serializers.VectorSerializer object at 0x000000000F1B06A0>
Post Train: <app_classifier.serializers.VectorSerializer object at 0x000000000F38DB70>
Post Train: <app_classifier.serializers.VectorSerializer object at 0x000000000F38DE48>
Post Train: <app_classifier.serializers.VectorSerializer object at 0x000000000F11AEB8>
Post Train: <app_classifier.serializers.VectorSerializer object at 0x000000000F123CF8>
Post Train: <app_classifier.serializers.VectorSerializer object at 0x000000000F3AFCF8>
Post Train: <app_classifier.serializers.VectorSerializer object at 0x000000000F11A160>
Post Train: <app_classifier.serializers.VectorSerializer object at 0x000000000F138AC8>
Post Train: <app_classifier.serializers.VectorSerializer object at 0x000000000F0C7470>
Post Train: <app_classifier.serializers.VectorSerializer object at 0x000000000F138DD8>
Post Train: <app_classifier.serializers.VectorSerializer object at 0x000000000F4CA5F8>
Post Train: <app_classifier.serializers.VectorSerializer object at 0x000000000F4CF550>
Post Train: <app_classifier.serializers.VectorSerializer object at 0x000000000F3B2FD0>
Post Train: <app_classifier.serializers.VectorSerializer object at 0x00000000037D3E80>
Post Train: <app_classifier.serializers.VectorSerializer object at 0x000000000F0C7748>
Post Train: <app_classifier.serializers.VectorSerializer object at 0x000000000F3C5F98>
Post Train: <app_classifier.serializers.VectorSerializer object at 0x000000000F1B9A20>
Post Train: <app_classifier.serializers.VectorSerializer object at 0x000000000F13C7F0>
Post Train: <app_classifier.serializers.VectorSerializer object at 0x000000000384A1D0>
Post Train: <app_classifier.serializers.VectorSerializer object at 0x000000000F1B9FD0>
Post Train: <app_classifier.serializers.VectorSerializer object at 0x000000000F110EF0>
Post Train: <app_classifier.serializers.VectorSerializer object at 0x000000000F4BD748>
Post Train: <app_classifier.serializers.VectorSerializer object at 0x000000000F10A588>
Post Train: <app_classifier.serializers.VectorSerializer object at 0x000000000F102EB8>
Post Train: <app_classifier.serializers.VectorSerializer object at 0x00000000037D3F98>
Post Train: <app_classifier.serializers.VectorSerializer object at 0x000000000F123E80>
Post Train: <app_classifier.serializers.VectorSerializer object at 0x00000000037312E8>
Post Train: <app_classifier.serializers.VectorSerializer object at 0x000000000F102A58>
Post Train: <app_classifier.serializers.VectorSerializer object at 0x000000000F554630>
Post Train: <app_classifier.serializers.VectorSerializer object at 0x000000000F554908>
Post Train: <app_classifier.serializers.VectorSerializer object at 0x000000000F0B7E80>
Post Train: <app_classifier.serializers.VectorSerializer object at 0x000000000F1B04A8>
Post Train: <app_classifier.serializers.VectorSerializer object at 0x000000000F102C50>
Post Train: <app_classifier.serializers.VectorSerializer object at 0x000000000F1E0668>
Post Train: <app_classifier.serializers.VectorSerializer object at 0x000000000F11DA58>
Post Train: <app_classifier.serializers.VectorSerializer object at 0x000000000F4C47F0>
Post Train: <app_classifier.serializers.VectorSerializer object at 0x000000000F3C10B8>
Post Train: <app_classifier.serializers.VectorSerializer object at 0x000000000F554748>
Post Train: <app_classifier.serializers.VectorSerializer object at 0x000000000F1E05F8>
Post Train: <app_classifier.serializers.VectorSerializer object at 0x000000000F13C390>
Post Train: <app_classifier.serializers.VectorSerializer object at 0x000000000384A208>
Post Train: <app_classifier.serializers.VectorSerializer object at 0x000000000F554F28>
Post Train: <app_classifier.serializers.VectorSerializer object at 0x000000000384A080>
Post Train: <app_classifier.serializers.VectorSerializer object at 0x000000000F11DF28>
Post Train: <app_classifier.serializers.VectorSerializer object at 0x000000000F54ABE0>
Post Train: <app_classifier.serializers.VectorSerializer object at 0x000000000F4A90B8>
Post Train: <app_classifier.serializers.VectorSerializer object at 0x000000000F110A90>
Post Train: <app_classifier.serializers.VectorSerializer object at 0x000000000F55EC88>
Post Train: <app_classifier.serializers.VectorSerializer object at 0x000000000F4C4630>
Post Train: <app_classifier.serializers.VectorSerializer object at 0x000000000F11AA20>
Post Train: <app_classifier.serializers.VectorSerializer object at 0x000000000F1E24E0>
Post Train: <app_classifier.serializers.VectorSerializer object at 0x000000000F4BF2E8>
Post Train: <app_classifier.serializers.VectorSerializer object at 0x000000000F5602E8>
Post Train: <app_classifier.serializers.VectorSerializer object at 0x000000000F54A080>
Post Train: <app_classifier.serializers.VectorSerializer object at 0x000000000F1B0128>
Post Train: <app_classifier.serializers.VectorSerializer object at 0x000000000F3C57F0>
Post Train: <app_classifier.serializers.VectorSerializer object at 0x000000000F3AFA90>
Post Train: <app_classifier.serializers.VectorSerializer object at 0x000000000F1B90F0>
Post Train: <app_classifier.serializers.VectorSerializer object at 0x000000000F55EF60>
Post Train: <app_classifier.serializers.VectorSerializer object at 0x000000000F4DDF28>
Post Train: <app_classifier.serializers.VectorSerializer object at 0x000000000F4DDAC8>
Post Train: <app_classifier.serializers.VectorSerializer object at 0x000000000F4A8908>
Post Train: <app_classifier.serializers.VectorSerializer object at 0x000000000F4A8630>
Post Train: <app_classifier.serializers.VectorSerializer object at 0x000000000F1B4BE0>
Post Train: <app_classifier.serializers.VectorSerializer object at 0x000000000F38DC50>
Post Train: <app_classifier.serializers.VectorSerializer object at 0x000000000F0C7A58>
Post Train: <app_classifier.serializers.VectorSerializer object at 0x000000000384A080>
Post Train: <app_classifier.serializers.VectorSerializer object at 0x000000000F11D6D8>
Post Train: <app_classifier.serializers.VectorSerializer object at 0x000000000F1233C8>
Post Train: <app_classifier.serializers.VectorSerializer object at 0x000000000F11AA58>
Post Train: <app_classifier.serializers.VectorSerializer object at 0x000000000F4C4940>
Post Train: <app_classifier.serializers.VectorSerializer object at 0x000000000F55EA58>
Post Train: <app_classifier.serializers.VectorSerializer object at 0x000000000F106FD0>
Post Train: <app_classifier.serializers.VectorSerializer object at 0x000000000F1B01D0>
Post Train: <app_classifier.serializers.VectorSerializer object at 0x000000000384A1D0>
Post Train: <app_classifier.serializers.VectorSerializer object at 0x000000000F11A8D0>
Post Train: <app_classifier.serializers.VectorSerializer object at 0x000000000F1B05C0>
Post Train: <app_classifier.serializers.VectorSerializer object at 0x000000000F4DDC50>
Post Train: <app_classifier.serializers.VectorSerializer object at 0x000000000367C630>
Post Train: <app_classifier.serializers.VectorSerializer object at 0x000000000F11AFD0>
Post Train: <app_classifier.serializers.VectorSerializer object at 0x000000000F4CA080>
Post Train: <app_classifier.serializers.VectorSerializer object at 0x000000000F10A1D0>
Post Train: <app_classifier.serializers.VectorSerializer object at 0x000000000F13C438>
Post Train: <app_classifier.serializers.VectorSerializer object at 0x000000000F4A9D30>
Post Train: <app_classifier.serializers.VectorSerializer object at 0x000000000F55EEB8>
Post Train: <app_classifier.serializers.VectorSerializer object at 0x000000000F4A9DD8>
Post Train: <app_classifier.serializers.VectorSerializer object at 0x000000000F13C668>
Post Train: <app_classifier.serializers.VectorSerializer object at 0x000000000F1B9470>
Post Train: <app_classifier.serializers.VectorSerializer object at 0x0000000001FB7320>
Post Train: <app_classifier.serializers.VectorSerializer object at 0x000000000F4CA908>
Post Train: <app_classifier.serializers.VectorSerializer object at 0x000000000F10A908>
Post Train: <app_classifier.serializers.VectorSerializer object at 0x000000000F1B93C8>
Post Train: <app_classifier.serializers.VectorSerializer object at 0x0000000001FB74E0>
Post Train: <app_classifier.serializers.VectorSerializer object at 0x000000000F0AEA90>
Post Train: <app_classifier.serializers.VectorSerializer object at 0x000000000F0C7780>
Post Train: <app_classifier.serializers.VectorSerializer object at 0x000000000F1B49E8>
Post Train: <app_classifier.serializers.VectorSerializer object at 0x000000000F4BF898>
Post Train: <app_classifier.serializers.VectorSerializer object at 0x000000000F4CFA58>
Post Train: <app_classifier.serializers.VectorSerializer object at 0x000000000F1E01D0>
Post Train: <app_classifier.serializers.VectorSerializer object at 0x000000000F13C208>
Post Train: <app_classifier.serializers.VectorSerializer object at 0x00000000037D3EF0>
Post Train: <app_classifier.serializers.VectorSerializer object at 0x000000000F1B4DD8>
Post Train: <app_classifier.serializers.VectorSerializer object at 0x000000000F138F60>
Post Train: <app_classifier.serializers.VectorSerializer object at 0x000000000F106EB8>
Post Train: <app_classifier.serializers.VectorSerializer object at 0x0000000001FB74E0>
Post Train: <app_classifier.serializers.VectorSerializer object at 0x000000000F10A048>
Post Train: <app_classifier.serializers.VectorSerializer object at 0x000000000F5606D8>
Post Train: <app_classifier.serializers.VectorSerializer object at 0x000000000367C630>
Post Train: <app_classifier.serializers.VectorSerializer object at 0x000000000F1B06A0>
Post Train: <app_classifier.serializers.VectorSerializer object at 0x000000000F10A048>
Post Train: <app_classifier.serializers.VectorSerializer object at 0x000000000F128240>
Post Train: <app_classifier.serializers.VectorSerializer object at 0x000000000F4CA080>
C:\Users\Dales3D\Anaconda\lib\site-packages\numpy\oldnumeric\__init__.py:11: ModuleDeprecationWarning: The oldnumeric module will be dropped in Numpy 1.9
  warnings.warn(_msg, ModuleDeprecationWarning)

INIT START
Post Train: <app_classifier.serializers.VectorSerializer object at 0x000000000F09A4A8>
Post Train: <app_classifier.serializers.VectorSerializer object at 0x000000000F160D30>
Post Train: <app_classifier.serializers.VectorSerializer object at 0x000000000F354E80>
Post Train: <app_classifier.serializers.VectorSerializer object at 0x000000000F142D68>
Post Train: <app_classifier.serializers.VectorSerializer object at 0x000000000F170A20>
Post Train: <app_classifier.serializers.VectorSerializer object at 0x000000000F1E3E80>
Post Train: <app_classifier.serializers.VectorSerializer object at 0x000000000F1D5278>
Post Train: <app_classifier.serializers.VectorSerializer object at 0x000000000F14DCF8>
Post Train: <app_classifier.serializers.VectorSerializer object at 0x000000000F13C9E8>
Post Train: <app_classifier.serializers.VectorSerializer object at 0x000000000F327208>
Post Train: <app_classifier.serializers.VectorSerializer object at 0x000000000F1F6E48>
Post Train: <app_classifier.serializers.VectorSerializer object at 0x000000000F168668>
Post Train: <app_classifier.serializers.VectorSerializer object at 0x000000000F1704A8>
Post Train: <app_classifier.serializers.VectorSerializer object at 0x000000000F0B0F98>
Post Train: <app_classifier.serializers.VectorSerializer object at 0x000000000F354240>
Post Train: <app_classifier.serializers.VectorSerializer object at 0x000000000F0AC940>
Post Train: <app_classifier.serializers.VectorSerializer object at 0x000000000F1DE1D0>
Post Train: <app_classifier.serializers.VectorSerializer object at 0x000000000F031D68>
Post Train: <app_classifier.serializers.VectorSerializer object at 0x000000000F327BA8>
Post Train: <app_classifier.serializers.VectorSerializer object at 0x000000000F179EB8>
Post Train: <app_classifier.serializers.VectorSerializer object at 0x000000000388CE80>
Post Train: <app_classifier.serializers.VectorSerializer object at 0x000000000F09A518>
Post Train: <app_classifier.serializers.VectorSerializer object at 0x000000000F170588>
Post Train: <app_classifier.serializers.VectorSerializer object at 0x000000000F13CD30>
Post Train: <app_classifier.serializers.VectorSerializer object at 0x000000000F170E10>
Post Train: <app_classifier.serializers.VectorSerializer object at 0x00000000039482B0>
Post Train: <app_classifier.serializers.VectorSerializer object at 0x000000000F16C9B0>
Post Train: <app_classifier.serializers.VectorSerializer object at 0x000000000F1705C0>
Post Train: <app_classifier.serializers.VectorSerializer object at 0x000000000F048588>
Post Train: <app_classifier.serializers.VectorSerializer object at 0x000000000F179B38>
Post Train: <app_classifier.serializers.VectorSerializer object at 0x000000000F1795C0>
Post Train: <app_classifier.serializers.VectorSerializer object at 0x000000000F174AC8>
Post Train: <app_classifier.serializers.VectorSerializer object at 0x000000000F170320>
Post Train: <app_classifier.serializers.VectorSerializer object at 0x000000000F013828>
Post Train: <app_classifier.serializers.VectorSerializer object at 0x000000000F028160>
Post Train: <app_classifier.serializers.VectorSerializer object at 0x000000000F0AC940>
Post Train: <app_classifier.serializers.VectorSerializer object at 0x000000000F4F79E8>
Post Train: <app_classifier.serializers.VectorSerializer object at 0x000000000F031D30>
Post Train: <app_classifier.serializers.VectorSerializer object at 0x000000000F028470>
Post Train: <app_classifier.serializers.VectorSerializer object at 0x000000000F048240>
Post Train: <app_classifier.serializers.VectorSerializer object at 0x000000000F028198>
Post Train: <app_classifier.serializers.VectorSerializer object at 0x0000000003948E10>
Post Train: <app_classifier.serializers.VectorSerializer object at 0x000000000F358F28>
Post Train: <app_classifier.serializers.VectorSerializer object at 0x0000000003948EB8>
Post Train: <app_classifier.serializers.VectorSerializer object at 0x000000000F170BE0>
Post Train: <app_classifier.serializers.VectorSerializer object at 0x000000000F0A0438>
Post Train: <app_classifier.serializers.VectorSerializer object at 0x000000000F1F4390>
Post Train: <app_classifier.serializers.VectorSerializer object at 0x000000000F1DE908>
Post Train: <app_classifier.serializers.VectorSerializer object at 0x000000000F170EB8>
Post Train: <app_classifier.serializers.VectorSerializer object at 0x000000000F358F28>
Post Train: <app_classifier.serializers.VectorSerializer object at 0x000000000F14D198>
Post Train: <app_classifier.serializers.VectorSerializer object at 0x000000000F098400>
Post Train: <app_classifier.serializers.VectorSerializer object at 0x000000000F1422B0>
Post Train: <app_classifier.serializers.VectorSerializer object at 0x000000000388CE10>
Post Train: <app_classifier.serializers.VectorSerializer object at 0x000000000F1703C8>
Post Train: <app_classifier.serializers.VectorSerializer object at 0x000000000F1D5240>
Post Train: <app_classifier.serializers.VectorSerializer object at 0x000000000F174B00>
Post Train: <app_classifier.serializers.VectorSerializer object at 0x000000000F031CC0>
Post Train: <app_classifier.serializers.VectorSerializer object at 0x000000000F0A6D30>
Post Train: <app_classifier.serializers.VectorSerializer object at 0x000000000388CE80>
Post Train: <app_classifier.serializers.VectorSerializer object at 0x000000000EF8A978>
Post Train: <app_classifier.serializers.VectorSerializer object at 0x000000000F1E9438>
Post Train: <app_classifier.serializers.VectorSerializer object at 0x000000000F16C2E8>
Post Train: <app_classifier.serializers.VectorSerializer object at 0x000000000F351588>
Post Train: <app_classifier.serializers.VectorSerializer object at 0x000000000F1F4FD0>
Post Train: <app_classifier.serializers.VectorSerializer object at 0x000000000F351320>
Post Train: <app_classifier.serializers.VectorSerializer object at 0x000000000F031080>
Post Train: <app_classifier.serializers.VectorSerializer object at 0x000000000F1D5DA0>
Post Train: <app_classifier.serializers.VectorSerializer object at 0x000000000F1608D0>
Post Train: <app_classifier.serializers.VectorSerializer object at 0x000000000388CE80>
Post Train: <app_classifier.serializers.VectorSerializer object at 0x000000000F0A00B8>
Post Train: <app_classifier.serializers.VectorSerializer object at 0x0000000003948E10>
Post Train: <app_classifier.serializers.VectorSerializer object at 0x000000000F142D68>
Post Train: <app_classifier.serializers.VectorSerializer object at 0x000000000F0A6D30>
Post Train: <app_classifier.serializers.VectorSerializer object at 0x000000000F170588>
Post Train: <app_classifier.serializers.VectorSerializer object at 0x000000000F09C080>
Post Train: <app_classifier.serializers.VectorSerializer object at 0x000000000F1604E0>
Post Train: <app_classifier.serializers.VectorSerializer object at 0x000000000F0484A8>
C:\Users\Dales3D\Anaconda\lib\site-packages\numpy\oldnumeric\__init__.py:11: ModuleDeprecationWarning: The oldnumeric module will be dropped in Numpy 1.9
  warnings.warn(_msg, ModuleDeprecationWarning)

INIT START
Post Train: <app_classifier.serializers.VectorSerializer object at 0x000000000F60BBE0>
Post Train: <app_classifier.serializers.VectorSerializer object at 0x000000000F3BB048>
Post Train: <app_classifier.serializers.VectorSerializer object at 0x000000000F5FC3C8>
Post Train: <app_classifier.serializers.VectorSerializer object at 0x000000000F5FBAC8>
Post Train: <app_classifier.serializers.VectorSerializer object at 0x000000000F4A9860>
Post Train: <app_classifier.serializers.VectorSerializer object at 0x000000000F4B3B00>
Post Train: <app_classifier.serializers.VectorSerializer object at 0x000000000F4B9E48>
Post Train: <app_classifier.serializers.VectorSerializer object at 0x000000000F49C438>
Post Train: <app_classifier.serializers.VectorSerializer object at 0x000000000F496390>
Post Train: <app_classifier.serializers.VectorSerializer object at 0x000000000F4B9F98>
Post Train: <app_classifier.serializers.VectorSerializer object at 0x000000000F4B9470>
Post Train: <app_classifier.serializers.VectorSerializer object at 0x000000000F4AEE10>
Post Train: <app_classifier.serializers.VectorSerializer object at 0x000000000F4C5550>
Post Train: <app_classifier.serializers.VectorSerializer object at 0x000000000F3BBE48>
Post Train: <app_classifier.serializers.VectorSerializer object at 0x000000000F49C780>
Post Train: <app_classifier.serializers.VectorSerializer object at 0x000000000383FAC8>
Post Train: <app_classifier.serializers.VectorSerializer object at 0x000000000F4B9A20>
Post Train: <app_classifier.serializers.VectorSerializer object at 0x000000000F4A9630>
Post Train: <app_classifier.serializers.VectorSerializer object at 0x000000000F60BA20>
Post Train: <app_classifier.serializers.VectorSerializer object at 0x000000000F49C780>
Post Train: <app_classifier.serializers.VectorSerializer object at 0x000000000F74B3C8>
Post Train: <app_classifier.serializers.VectorSerializer object at 0x000000000393F0B8>
Post Train: <app_classifier.serializers.VectorSerializer object at 0x000000000F74BDA0>
Post Train: <app_classifier.serializers.VectorSerializer object at 0x000000000F6328D0>
Post Train: <app_classifier.serializers.VectorSerializer object at 0x000000000F551780>
Post Train: <app_classifier.serializers.VectorSerializer object at 0x000000000F4A9550>
Post Train: <app_classifier.serializers.VectorSerializer object at 0x000000000F551E10>
Post Train: <app_classifier.serializers.VectorSerializer object at 0x000000000F60B518>
Post Train: <app_classifier.serializers.VectorSerializer object at 0x000000000F5FBDD8>
Post Train: <app_classifier.serializers.VectorSerializer object at 0x000000000F4A9438>
Post Train: <app_classifier.serializers.VectorSerializer object at 0x000000000F493828>
Post Train: <app_classifier.serializers.VectorSerializer object at 0x000000000F4BCDD8>
Post Train: <app_classifier.serializers.VectorSerializer object at 0x000000000393FC50>
Post Train: <app_classifier.serializers.VectorSerializer object at 0x000000000383FC88>
Post Train: <app_classifier.serializers.VectorSerializer object at 0x000000000F728160>
Post Train: <app_classifier.serializers.VectorSerializer object at 0x000000000F3BBE80>
Post Train: <app_classifier.serializers.VectorSerializer object at 0x0000000003933208>
Post Train: <app_classifier.serializers.VectorSerializer object at 0x000000000F74FEB8>
Post Train: <app_classifier.serializers.VectorSerializer object at 0x000000000383FB00>
Post Train: <app_classifier.serializers.VectorSerializer object at 0x000000000F632198>
Post Train: <app_classifier.serializers.VectorSerializer object at 0x000000000F632EB8>
Post Train: <app_classifier.serializers.VectorSerializer object at 0x000000000383FD30>
Post Train: <app_classifier.serializers.VectorSerializer object at 0x000000000F741A90>
Post Train: <app_classifier.serializers.VectorSerializer object at 0x000000000F4C5828>
Post Train: <app_classifier.serializers.VectorSerializer object at 0x000000000F6326D8>
Post Train: <app_classifier.serializers.VectorSerializer object at 0x000000000F60B860>
Post Train: <app_classifier.serializers.VectorSerializer object at 0x000000000F60BBE0>
Post Train: <app_classifier.serializers.VectorSerializer object at 0x000000000F53F630>
Post Train: <app_classifier.serializers.VectorSerializer object at 0x000000000F612D68>
Post Train: <app_classifier.serializers.VectorSerializer object at 0x000000000F751518>
Post Train: <app_classifier.serializers.VectorSerializer object at 0x000000000F5FC668>
Post Train: <app_classifier.serializers.VectorSerializer object at 0x000000000F4BF2B0>
Post Train: <app_classifier.serializers.VectorSerializer object at 0x000000000F751198>
Post Train: <app_classifier.serializers.VectorSerializer object at 0x000000000F612A58>
Post Train: <app_classifier.serializers.VectorSerializer object at 0x0000000003850F28>
Post Train: <app_classifier.serializers.VectorSerializer object at 0x000000000F542048>
Post Train: <app_classifier.serializers.VectorSerializer object at 0x000000000F751400>
Post Train: <app_classifier.serializers.VectorSerializer object at 0x000000000F4BFFD0>
Post Train: <app_classifier.serializers.VectorSerializer object at 0x000000000F399710>
Post Train: <app_classifier.serializers.VectorSerializer object at 0x000000000F742438>
Post Train: <app_classifier.serializers.VectorSerializer object at 0x000000000F736C50>
Post Train: <app_classifier.serializers.VectorSerializer object at 0x000000000F542FD0>
Post Train: <app_classifier.serializers.VectorSerializer object at 0x000000000F3ADEB8>
Post Train: <app_classifier.serializers.VectorSerializer object at 0x000000000F3998D0>
Post Train: <app_classifier.serializers.VectorSerializer object at 0x000000000F7424A8>
Post Train: <app_classifier.serializers.VectorSerializer object at 0x000000000F4BC3C8>
Post Train: <app_classifier.serializers.VectorSerializer object at 0x000000000F741208>
Post Train: <app_classifier.serializers.VectorSerializer object at 0x000000000F3C9630>
Post Train: <app_classifier.serializers.VectorSerializer object at 0x0000000003933080>
Post Train: <app_classifier.serializers.VectorSerializer object at 0x000000000F7426D8>
Post Train: <app_classifier.serializers.VectorSerializer object at 0x000000000F6320B8>
Post Train: <app_classifier.serializers.VectorSerializer object at 0x000000000F741E80>
Post Train: <app_classifier.serializers.VectorSerializer object at 0x000000000F612DA0>
Post Train: <app_classifier.serializers.VectorSerializer object at 0x000000000393F080>
Post Train: <app_classifier.serializers.VectorSerializer object at 0x000000000F7592B0>
C:\Users\Dales3D\Anaconda\lib\site-packages\numpy\oldnumeric\__init__.py:11: ModuleDeprecationWarning: The oldnumeric module will be dropped in Numpy 1.9
  warnings.warn(_msg, ModuleDeprecationWarning)

INIT START
C:\Users\Dales3D\Anaconda\lib\site-packages\numpy\oldnumeric\__init__.py:11: ModuleDeprecationWarning: The oldnumeric module will be dropped in Numpy 1.9
  warnings.warn(_msg, ModuleDeprecationWarning)

INIT START
C:\Users\Dales3D\Anaconda\lib\site-packages\numpy\oldnumeric\__init__.py:11: ModuleDeprecationWarning: The oldnumeric module will be dropped in Numpy 1.9
  warnings.warn(_msg, ModuleDeprecationWarning)

INIT START
C:\Users\Dales3D\Anaconda\lib\site-packages\numpy\oldnumeric\__init__.py:11: ModuleDeprecationWarning: The oldnumeric module will be dropped in Numpy 1.9
  warnings.warn(_msg, ModuleDeprecationWarning)

INIT START
C:\Users\Dales3D\Anaconda\lib\site-packages\numpy\oldnumeric\__init__.py:11: ModuleDeprecationWarning: The oldnumeric module will be dropped in Numpy 1.9
  warnings.warn(_msg, ModuleDeprecationWarning)

INIT START
C:\Users\Dales3D\Anaconda\lib\site-packages\numpy\oldnumeric\__init__.py:11: ModuleDeprecationWarning: The oldnumeric module will be dropped in Numpy 1.9
  warnings.warn(_msg, ModuleDeprecationWarning)

INIT START
C:\Users\Dales3D\Anaconda\lib\site-packages\numpy\oldnumeric\__init__.py:11: ModuleDeprecationWarning: The oldnumeric module will be dropped in Numpy 1.9
  warnings.warn(_msg, ModuleDeprecationWarning)

INIT START
